<?xml version="1.0" encoding="UTF-8"?>
<!-- Generated by org.testng.reporters.JUnitReportReporter -->
<testsuite skipped="0" hostname="EPINHYDW0238" name="tests.TC003_GET_Header" tests="1" failures="0" timestamp="2020-02-19T15:01:27 IST" time="2.733" errors="0">
  <testcase name="get" time="2.733" classname="tests.TC003_GET_Header"/>
</testsuite> <!-- tests.TC003_GET_Header -->
