<?xml version="1.0" encoding="UTF-8"?>
<!-- Generated by org.testng.reporters.JUnitReportReporter -->
<testsuite skipped="0" hostname="LAPTOP-Q732QR57" name="tests.TC005_Auth" tests="1" failures="0" timestamp="2019-12-07T23:06:35 IST" time="2.415" errors="0">
  <testcase name="get" time="2.415" classname="tests.TC005_Auth"/>
</testsuite> <!-- tests.TC005_Auth -->
