<?xml version="1.0" encoding="UTF-8"?>
<!-- Generated by org.testng.reporters.JUnitReportReporter -->
<testsuite skipped="0" hostname="LAPTOP-Q732QR57" name="tests.TC002_POST_Request" tests="1" failures="0" timestamp="2019-12-07T21:54:13 IST" time="4.097" errors="0">
  <testcase name="postPojo" time="4.097" classname="tests.TC002_POST_Request"/>
</testsuite> <!-- tests.TC002_POST_Request -->
