<?xml version="1.0" encoding="UTF-8"?>
<!-- Generated by org.testng.reporters.JUnitReportReporter -->
<testsuite skipped="0" hostname="EPINHYDW0238" name="tests.TC001_POST_Request" tests="1" failures="0" timestamp="2020-02-19T12:15:33 IST" time="1.972" errors="0">
  <testcase name="PostData" time="1.972" classname="tests.TC001_POST_Request"/>
</testsuite> <!-- tests.TC001_POST_Request -->
