<?xml version="1.0" encoding="UTF-8"?>
<!-- Generated by org.testng.reporters.JUnitReportReporter -->
<testsuite hostname="LAPTOP-Q732QR57" failures="0" tests="5" name="datadriven.AddEmployes" time="7.330" errors="0" timestamp="2019-12-28T15:54:52 IST" skipped="0">
  <testcase classname="datadriven.AddEmployes" name="PostData" time="0.903"/>
  <testcase classname="datadriven.AddEmployes" name="PostData" time="1.238"/>
  <testcase classname="datadriven.AddEmployes" name="PostData" time="0.880"/>
  <testcase classname="datadriven.AddEmployes" name="PostData" time="3.233"/>
  <testcase classname="datadriven.AddEmployes" name="PostData" time="1.076"/>
</testsuite> <!-- datadriven.AddEmployes -->
