<?xml version="1.0" encoding="UTF-8"?>
<!-- Generated by org.testng.reporters.JUnitReportReporter -->
<testsuite skipped="0" hostname="EPINHYDW0238" name="tests.TC004_GET_Weather" tests="1" failures="0" timestamp="2020-02-19T14:59:37 IST" time="2.619" errors="0">
  <testcase name="get" time="2.619" classname="tests.TC004_GET_Weather"/>
</testsuite> <!-- tests.TC004_GET_Weather -->
