<?xml version="1.0" encoding="UTF-8"?>
<!-- Generated by org.testng.reporters.JUnitReportReporter -->
<testsuite skipped="0" hostname="LAPTOP-Q732QR57" name="tests.TC004_GET_Weather" tests="1" failures="0" timestamp="2019-12-07T22:56:56 IST" time="3.136" errors="0">
  <testcase name="get" time="3.136" classname="tests.TC004_GET_Weather"/>
</testsuite> <!-- tests.TC004_GET_Weather -->
