<?xml version="1.0" encoding="UTF-8"?>
<!-- Generated by org.testng.reporters.JUnitReportReporter -->
<testsuite skipped="0" hostname="LAPTOP-Q732QR57" name="tests.TC002_POSTPojo" tests="1" failures="0" timestamp="2019-12-07T23:27:31 IST" time="4.361" errors="0">
  <testcase name="PostData" time="4.361" classname="tests.TC002_POSTPojo"/>
</testsuite> <!-- tests.TC002_POSTPojo -->
