<?xml version="1.0" encoding="UTF-8"?>
<!-- Generated by org.testng.reporters.JUnitReportReporter -->
<testsuite hostname="LAPTOP-Q732QR57" failures="0" tests="1" name="tests.TC001_GET_Request" time="2.676" errors="0" timestamp="2020-02-18T21:54:14 IST" skipped="0">
  <testcase classname="tests.TC001_GET_Request" name="get" time="2.676"/>
</testsuite> <!-- tests.TC001_GET_Request -->
