<?xml version="1.0" encoding="UTF-8"?>
<!-- Generated by org.testng.reporters.JUnitReportReporter -->
<testsuite hostname="LAPTOP-Q732QR57" failures="0" tests="1" name="tests.TC003_GET_Header" time="2.491" errors="0" timestamp="2020-02-18T22:18:20 IST" skipped="0">
  <testcase classname="tests.TC003_GET_Header" name="get" time="2.491"/>
</testsuite> <!-- tests.TC003_GET_Header -->
