<?xml version="1.0" encoding="UTF-8"?>
<!-- Generated by org.testng.reporters.JUnitReportReporter -->
<testsuite skipped="0" hostname="EPINHYDW0238" name="restassureddemo.PutExample" tests="1" failures="0" timestamp="2020-02-19T12:41:33 IST" time="2.899" errors="0">
  <testcase name="testPost" time="2.899" classname="restassureddemo.PutExample"/>
</testsuite> <!-- restassureddemo.PutExample -->
