<?xml version="1.0" encoding="UTF-8"?>
<!-- Generated by org.testng.reporters.JUnitReportReporter -->
<testsuite skipped="0" hostname="LAPTOP-Q732QR57" name="restassureddemo.SynntaxExplanation" tests="1" failures="0" timestamp="2020-02-18T22:34:09 IST" time="3.524" errors="0">
  <testcase name="equalmethod" time="3.524" classname="restassureddemo.SynntaxExplanation"/>
</testsuite> <!-- restassureddemo.SynntaxExplanation -->
