<?xml version="1.0" encoding="UTF-8"?>
<!-- Generated by org.testng.reporters.JUnitReportReporter -->
<testsuite skipped="0" hostname="EPINHYDW0238" name="restassureddemo.SynntaxExplanation" tests="1" failures="0" timestamp="2020-02-19T11:45:17 IST" time="4.812" errors="0">
  <testcase name="equalmethod" time="4.812" classname="restassureddemo.SynntaxExplanation"/>
</testsuite> <!-- restassureddemo.SynntaxExplanation -->
