<?xml version="1.0" encoding="UTF-8"?>
<!-- Generated by org.testng.reporters.JUnitReportReporter -->
<testsuite skipped="0" hostname="EPINHYDW0238" name="restassureddemo.Postexample2" tests="1" failures="0" timestamp="2020-02-19T14:44:39 IST" time="2.663" errors="0">
  <testcase name="testPost" time="2.663" classname="restassureddemo.Postexample2"/>
</testsuite> <!-- restassureddemo.Postexample2 -->
