<?xml version="1.0" encoding="UTF-8"?>
<!-- Generated by org.testng.reporters.JUnitReportReporter -->
<testsuite skipped="0" hostname="EPINHYDW0238" name="restassureddemo.PostrequestDemo" tests="1" failures="0" timestamp="2020-02-19T12:20:52 IST" time="2.827" errors="0">
  <testcase name="testPost" time="2.827" classname="restassureddemo.PostrequestDemo"/>
</testsuite> <!-- restassureddemo.PostrequestDemo -->
